Log file open, 08/26/20 23:01:27
LogInit: Display: Running engine for game: vrexperimenting
LogPlatformFile: Not using cached read wrapper
LogTaskGraph: Started task graph with 5 named threads and 47 total threads with 3 sets of task threads.
LogStats: Stats thread started at 0.153492
LogD3D11RHI: Loaded GFSDK_Aftermath_Lib.x64.dll
LogICUInternationalization: ICU TimeZone Detection - Raw Offset: -5:00, Platform Override: ''
LogPluginManager: Mounting plugin Paper2D
LogPluginManager: Mounting plugin AISupport
LogPluginManager: Mounting plugin LightPropagationVolume
LogPluginManager: Mounting plugin CameraShakePreviewer
LogPluginManager: Mounting plugin ActorLayerUtilities
LogPluginManager: Mounting plugin AnimationSharing
LogPluginManager: Mounting plugin CLionSourceCodeAccess
LogPluginManager: Mounting plugin CodeLiteSourceCodeAccess
LogPluginManager: Mounting plugin GitSourceControl
LogPluginManager: Mounting plugin KDevelopSourceCodeAccess
LogPluginManager: Mounting plugin NullSourceCodeAccess
LogPluginManager: Mounting plugin PerforceSourceControl
LogPluginManager: Mounting plugin PlasticSourceControl
LogPluginManager: Mounting plugin RiderSourceCodeAccess
LogPluginManager: Mounting plugin SubversionSourceControl
LogPluginManager: Mounting plugin UObjectPlugin
LogPluginManager: Mounting plugin VisualStudioCodeSourceCodeAccess
LogPluginManager: Mounting plugin VisualStudioSourceCodeAccess
LogPluginManager: Mounting plugin XCodeSourceCodeAccess
LogPluginManager: Mounting plugin AssetManagerEditor
LogPluginManager: Mounting plugin CryptoKeys
LogPluginManager: Mounting plugin CurveEditorTools
LogPluginManager: Mounting plugin DataValidation
LogPluginManager: Mounting plugin EditorScriptingUtilities
LogPluginManager: Mounting plugin FacialAnimation
LogPluginManager: Mounting plugin GameplayTagsEditor
LogPluginManager: Mounting plugin GeometryMode
LogPluginManager: Mounting plugin MacGraphicsSwitching
LogPluginManager: Mounting plugin MaterialAnalyzer
LogPluginManager: Mounting plugin MobileLauncherProfileWizard
LogPluginManager: Mounting plugin PluginBrowser
LogPluginManager: Mounting plugin SpeedTreeImporter
LogPluginManager: Mounting plugin DatasmithContent
LogPluginManager: Mounting plugin VariantManagerContent
LogPluginManager: Mounting plugin AlembicImporter
LogPluginManager: Mounting plugin AutomationUtils
LogPluginManager: Mounting plugin BackChannel
LogPluginManager: Mounting plugin ChaosCloth
LogPluginManager: Mounting plugin ChaosClothEditor
LogPluginManager: Mounting plugin ChaosEditor
LogPluginManager: Mounting plugin ChaosNiagara
LogPluginManager: Mounting plugin ChaosSolverPlugin
LogPluginManager: Mounting plugin CharacterAI
LogPluginManager: Mounting plugin GeometryCache
LogPluginManager: Mounting plugin GeometryCollectionPlugin
LogPluginManager: Mounting plugin GeometryProcessing
LogPluginManager: Mounting plugin PlanarCut
LogPluginManager: Mounting plugin PlatformCrypto
LogPluginManager: Mounting plugin ProxyLODPlugin
LogPluginManager: Mounting plugin SkeletalReduction
LogPluginManager: Mounting plugin Niagara
LogPluginManager: Mounting plugin MagicLeap
LogPluginManager: Mounting plugin MagicLeapLightEstimation
LogPluginManager: Mounting plugin MagicLeapMedia
LogPluginManager: Mounting plugin MagicLeapPassableWorld
LogPluginManager: Mounting plugin MLSDK
LogPluginManager: Mounting plugin AndroidMedia
LogPluginManager: Mounting plugin AvfMedia
LogPluginManager: Mounting plugin ImgMedia
LogPluginManager: Mounting plugin MediaCompositing
LogPluginManager: Mounting plugin MediaPlayerEditor
LogPluginManager: Mounting plugin WebMMedia
LogPluginManager: Mounting plugin WmfMedia
LogPluginManager: Mounting plugin MeshPainting
LogPluginManager: Mounting plugin TcpMessaging
LogPluginManager: Mounting plugin UdpMessaging
LogPluginManager: Mounting plugin ActorSequence
LogPluginManager: Mounting plugin LevelSequenceEditor
LogPluginManager: Mounting plugin MatineeToLevelSequence
LogPluginManager: Mounting plugin MovieRenderPipeline
LogPluginManager: Mounting plugin TemplateSequence
LogPluginManager: Mounting plugin NetcodeUnitTest
LogPluginManager: Mounting plugin NUTUnrealEngine4
LogPluginManager: Mounting plugin OnlineSubsystemGooglePlay
LogPluginManager: Mounting plugin OnlineSubsystemIOS
LogPluginManager: Mounting plugin OnlineSubsystem
LogPluginManager: Mounting plugin OnlineSubsystemNull
LogPluginManager: Mounting plugin OnlineSubsystemUtils
LogPluginManager: Mounting plugin LauncherChunkInstaller
LogPluginManager: Mounting plugin AndroidDeviceProfileSelector
LogPluginManager: Mounting plugin AndroidMoviePlayer
LogPluginManager: Mounting plugin AndroidPermission
LogPluginManager: Mounting plugin AppleImageUtils
LogPluginManager: Mounting plugin AppleMoviePlayer
LogPluginManager: Mounting plugin ArchVisCharacter
LogPluginManager: Mounting plugin AssetTags
LogPluginManager: Mounting plugin AudioCapture
LogPluginManager: Mounting plugin CableComponent
LogPluginManager: Mounting plugin CustomMeshComponent
LogPluginManager: Mounting plugin EditableMesh
LogPluginManager: Mounting plugin ExampleDeviceProfileSelector
LogPluginManager: Mounting plugin GoogleCloudMessaging
LogPluginManager: Mounting plugin GooglePAD
LogPluginManager: Mounting plugin IOSDeviceProfileSelector
LogPluginManager: Mounting plugin LinuxDeviceProfileSelector
LogPluginManager: Mounting plugin LocationServicesBPLibrary
LogPluginManager: Mounting plugin MobilePatchingUtils
LogPluginManager: Mounting plugin OculusVR
LogPluginManager: Mounting plugin PhysXVehicles
LogPluginManager: Mounting plugin PostSplashScreen
LogPluginManager: Mounting plugin ProceduralMeshComponent
LogPluginManager: Mounting plugin RuntimePhysXCooking
LogPluginManager: Mounting plugin SignificanceManager
LogPluginManager: Mounting plugin SoundFields
LogPluginManager: Mounting plugin SteamVR
LogPluginManager: Mounting plugin Synthesis
LogPluginManager: Mounting plugin WebMMoviePlayer
LogPluginManager: Mounting plugin WindowsMoviePlayer
LogPluginManager: Mounting plugin ScreenshotTools
LogInit: Using libcurl 7.55.1-DEV
LogInit:  - built for x86_64-pc-win32
LogInit:  - supports SSL with OpenSSL/1.1.1
LogInit:  - supports HTTP deflate (compression) using libz 1.2.8
LogInit:  - other features:
LogInit:      CURL_VERSION_SSL
LogInit:      CURL_VERSION_LIBZ
LogInit:      CURL_VERSION_IPV6
LogInit:      CURL_VERSION_ASYNCHDNS
LogInit:      CURL_VERSION_LARGEFILE
LogInit:      CURL_VERSION_IDN
LogInit:  CurlRequestOptions (configurable via config and command line):
LogInit:  - bVerifyPeer = true  - Libcurl will verify peer certificate
LogInit:  - bUseHttpProxy = false  - Libcurl will NOT use HTTP proxy
LogInit:  - bDontReuseConnections = false  - Libcurl will reuse connections
LogInit:  - MaxHostConnections = 16  - Libcurl will limit the number of connections to a host
LogInit:  - LocalHostAddr = Default
LogInit:  - BufferSize = 65536
LogOnline: OSS: Creating online subsystem instance for: NULL
LogInit: WinSock: version 1.1 (2.2), MaxSocks=32767, MaxUdp=65467
LogOnline: OSS: TryLoadSubsystemAndSetDefault: Loaded subsystem for module [NULL]
LogOculusPluginWrapper: OculusPlugin initialized successfully
LogInit: Build: ++UE4+Release-4.25-CL-13942748
LogInit: Engine Version: 4.25.3-13942748+++UE4+Release-4.25
LogInit: Compatible Engine Version: 4.25.0-13144385+++UE4+Release-4.25
LogInit: Net CL: 13144385
LogInit: OS: Windows 10 (Release 2004) (), CPU: AMD Ryzen 7 3700X 8-Core Processor             , GPU: NVIDIA GeForce GTX 1060 6GB
LogInit: Compiled (64-bit): Jul 25 2020 02:07:48
LogInit: Compiled with Visual C++: 19.24.28315.00
LogInit: Build Configuration: Development
LogInit: Branch Name: ++UE4+Release-4.25
LogInit: Command Line: 
LogInit: Base Directory: C:/Program Files/Epic Games/UE_4.25/Engine/Binaries/Win64/
LogInit: Allocator: TBB
LogInit: Installed Engine Build: 1
LogDevObjectVersion: Number of dev versions registered: 26
LogDevObjectVersion:   Dev-Blueprints (B0D832E4-1F89-4F0D-ACCF-7EB736FD4AA2): 10
LogDevObjectVersion:   Dev-Build (E1C64328-A22C-4D53-A36C-8E866417BD8C): 0
LogDevObjectVersion:   Dev-Core (375EC13C-06E4-48FB-B500-84F0262A717E): 4
LogDevObjectVersion:   Dev-Editor (E4B068ED-F494-42E9-A231-DA0B2E46BB41): 38
LogDevObjectVersion:   Dev-Framework (CFFC743F-43B0-4480-9391-14DF171D2073): 37
LogDevObjectVersion:   Dev-Mobile (B02B49B5-BB20-44E9-A304-32B752E40360): 2
LogDevObjectVersion:   Dev-Networking (A4E4105C-59A1-49B5-A7C5-40C4547EDFEE): 0
LogDevObjectVersion:   Dev-Online (39C831C9-5AE6-47DC-9A44-9C173E1C8E7C): 0
LogDevObjectVersion:   Dev-Physics (78F01B33-EBEA-4F98-B9B4-84EACCB95AA2): 4
LogDevObjectVersion:   Dev-Platform (6631380F-2D4D-43E0-8009-CF276956A95A): 0
LogDevObjectVersion:   Dev-Rendering (12F88B9F-8875-4AFC-A67C-D90C383ABD29): 43
LogDevObjectVersion:   Dev-Sequencer (7B5AE74C-D270-4C10-A958-57980B212A5A): 12
LogDevObjectVersion:   Dev-VR (D7296918-1DD6-4BDD-9DE2-64A83CC13884): 3
LogDevObjectVersion:   Dev-LoadTimes (C2A15278-BFE7-4AFE-6C17-90FF531DF755): 1
LogDevObjectVersion:   Private-Geometry (6EACA3D4-40EC-4CC1-B786-8BED09428FC5): 3
LogDevObjectVersion:   Dev-AnimPhys (29E575DD-E0A3-4627-9D10-D276232CDCEA): 17
LogDevObjectVersion:   Dev-Anim (AF43A65D-7FD3-4947-9873-3E8ED9C1BB05): 7
LogDevObjectVersion:   Dev-ReflectionCapture (6B266CEC-1EC7-4B8F-A30B-E4D90942FC07): 1
LogDevObjectVersion:   Dev-Automation (0DF73D61-A23F-47EA-B727-89E90C41499A): 1
LogDevObjectVersion:   FortniteMain (601D1886-AC64-4F84-AA16-D3DE0DEAC7D6): 31
LogDevObjectVersion:   Dev-Enterprise (9DFFBCD6-494F-0158-E221-12823C92A888): 10
LogDevObjectVersion:   Dev-Niagara (F2AED0AC-9AFE-416F-8664-AA7FFA26D6FC): 1
LogDevObjectVersion:   Dev-Destruction (174F1F0B-B4C6-45A5-B13F-2EE8D0FB917D): 10
LogDevObjectVersion:   Dev-Physics-Ext (35F94A83-E258-406C-A318-09F59610247C): 37
LogDevObjectVersion:   Dev-PhysicsMaterial-Chaos (B68FC16E-8B1B-42E2-B453-215C058844FE): 1
LogDevObjectVersion:   Dev-CineCamera (B2E18506-4273-CFC2-A54E-F4BB758BBA07): 1
LogInit: Presizing for max 25165824 objects, including 0 objects not considered by GC, pre-allocating 0 bytes for permanent pool.
LogConfig: Applying CVar settings from Section [/Script/Engine.StreamingSettings] File [C:/Users/dusti/Documents/GitHub/ProductionTest/vrexperimenting/vrexperimenting/Saved/Config/Windows/Engine.ini]
LogConfig: Setting CVar [[s.MinBulkDataSizeForAsyncLoading:131072]]
LogConfig: Setting CVar [[s.AsyncLoadingThreadEnabled:0]]
LogConfig: Setting CVar [[s.EventDrivenLoaderEnabled:1]]
LogConfig: Setting CVar [[s.WarnIfTimeLimitExceeded:0]]
LogConfig: Setting CVar [[s.TimeLimitExceededMultiplier:1.5]]
LogConfig: Setting CVar [[s.TimeLimitExceededMinTime:0.005]]
LogConfig: Setting CVar [[s.UseBackgroundLevelStreaming:1]]
LogConfig: Setting CVar [[s.PriorityAsyncLoadingExtraTime:15.0]]
LogConfig: Setting CVar [[s.LevelStreamingActorsUpdateTimeLimit:5.0]]
LogConfig: Setting CVar [[s.PriorityLevelStreamingActorsUpdateExtraTime:5.0]]
LogConfig: Setting CVar [[s.LevelStreamingComponentsRegistrationGranularity:10]]
LogConfig: Setting CVar [[s.UnregisterComponentsTimeLimit:1.0]]
LogConfig: Setting CVar [[s.LevelStreamingComponentsUnregistrationGranularity:5]]
LogConfig: Setting CVar [[s.FlushStreamingOnExit:1]]
LogInit: Object subsystem initialized
LogConfig: Setting CVar [[con.DebugEarlyDefault:1]]
LogConfig: Setting CVar [[r.setres:1280x720]]
[2020.08.27-03.01.28:033][  0]LogConfig: Setting CVar [[r.VSync:0]]
[2020.08.27-03.01.28:033][  0]LogConfig: Setting CVar [[r.RHICmdBypass:0]]
[2020.08.27-03.01.28:034][  0]LogConfig: Applying CVar settings from Section [/Script/Engine.RendererSettings] File [C:/Users/dusti/Documents/GitHub/ProductionTest/vrexperimenting/vrexperimenting/Saved/Config/Windows/Engine.ini]
[2020.08.27-03.01.28:034][  0]LogConfig: Setting CVar [[r.GPUCrashDebugging:0]]
[2020.08.27-03.01.28:034][  0]LogConfig: Setting CVar [[r.DefaultFeature.AmbientOcclusion:0]]
[2020.08.27-03.01.28:034][  0]LogConfig: Setting CVar [[r.DefaultFeature.AmbientOcclusionStaticFraction:0]]
[2020.08.27-03.01.28:034][  0]LogConfig: Setting CVar [[vr.InstancedStereo:1]]
[2020.08.27-03.01.28:034][  0]LogConfig: Setting CVar [[r.SeparateTranslucency:0]]
[2020.08.27-03.01.28:034][  0]LogConfig: Setting CVar [[r.HZBOcclusion:0]]
[2020.08.27-03.01.28:034][  0]LogConfig: Setting CVar [[r.SSR.MaxRoughness:0]]
[2020.08.27-03.01.28:034][  0]LogConfig: Setting CVar [[r.rhicmdbypass:0]]
[2020.08.27-03.01.28:034][  0]LogConfig: Applying CVar settings from Section [/Script/Engine.RendererOverrideSettings] File [C:/Users/dusti/Documents/GitHub/ProductionTest/vrexperimenting/vrexperimenting/Saved/Config/Windows/Engine.ini]
[2020.08.27-03.01.28:034][  0]LogConfig: Applying CVar settings from Section [/Script/Engine.StreamingSettings] File [C:/Users/dusti/Documents/GitHub/ProductionTest/vrexperimenting/vrexperimenting/Saved/Config/Windows/Engine.ini]
[2020.08.27-03.01.28:034][  0]LogConfig: Setting CVar [[s.MinBulkDataSizeForAsyncLoading:131072]]
[2020.08.27-03.01.28:034][  0]LogConfig: Setting CVar [[s.AsyncLoadingThreadEnabled:0]]
[2020.08.27-03.01.28:034][  0]LogConfig: Setting CVar [[s.EventDrivenLoaderEnabled:1]]
[2020.08.27-03.01.28:034][  0]LogConfig: Setting CVar [[s.WarnIfTimeLimitExceeded:0]]
[2020.08.27-03.01.28:034][  0]LogConfig: Setting CVar [[s.TimeLimitExceededMultiplier:1.5]]
[2020.08.27-03.01.28:034][  0]LogConfig: Setting CVar [[s.TimeLimitExceededMinTime:0.005]]
[2020.08.27-03.01.28:034][  0]LogConfig: Setting CVar [[s.UseBackgroundLevelStreaming:1]]
[2020.08.27-03.01.28:034][  0]LogConfig: Setting CVar [[s.PriorityAsyncLoadingExtraTime:15.0]]
[2020.08.27-03.01.28:034][  0]LogConfig: Setting CVar [[s.LevelStreamingActorsUpdateTimeLimit:5.0]]
[2020.08.27-03.01.28:034][  0]LogConfig: Setting CVar [[s.PriorityLevelStreamingActorsUpdateExtraTime:5.0]]
[2020.08.27-03.01.28:034][  0]LogConfig: Setting CVar [[s.LevelStreamingComponentsRegistrationGranularity:10]]
[2020.08.27-03.01.28:034][  0]LogConfig: Setting CVar [[s.UnregisterComponentsTimeLimit:1.0]]
[2020.08.27-03.01.28:034][  0]LogConfig: Setting CVar [[s.LevelStreamingComponentsUnregistrationGranularity:5]]
[2020.08.27-03.01.28:034][  0]LogConfig: Setting CVar [[s.FlushStreamingOnExit:1]]
[2020.08.27-03.01.28:034][  0]LogConfig: Applying CVar settings from Section [/Script/Engine.GarbageCollectionSettings] File [C:/Users/dusti/Documents/GitHub/ProductionTest/vrexperimenting/vrexperimenting/Saved/Config/Windows/Engine.ini]
[2020.08.27-03.01.28:034][  0]LogConfig: Setting CVar [[gc.MaxObjectsNotConsideredByGC:1]]
[2020.08.27-03.01.28:034][  0]LogConfig: Setting CVar [[gc.SizeOfPermanentObjectPool:0]]
[2020.08.27-03.01.28:034][  0]LogConfig: Setting CVar [[gc.FlushStreamingOnGC:0]]
[2020.08.27-03.01.28:034][  0]LogConfig: Setting CVar [[gc.NumRetriesBeforeForcingGC:10]]
[2020.08.27-03.01.28:034][  0]LogConfig: Setting CVar [[gc.AllowParallelGC:1]]
[2020.08.27-03.01.28:034][  0]LogConfig: Setting CVar [[gc.TimeBetweenPurgingPendingKillObjects:61.1]]
[2020.08.27-03.01.28:034][  0]LogConfig: Setting CVar [[gc.MaxObjectsInEditor:25165824]]
[2020.08.27-03.01.28:034][  0]LogConfig: Setting CVar [[gc.IncrementalBeginDestroyEnabled:1]]
[2020.08.27-03.01.28:034][  0]LogConfig: Setting CVar [[gc.CreateGCClusters:1]]
[2020.08.27-03.01.28:034][  0]LogConfig: Setting CVar [[gc.MinGCClusterSize:5]]
[2020.08.27-03.01.28:034][  0]LogConfig: Setting CVar [[gc.ActorClusteringEnabled:0]]
[2020.08.27-03.01.28:034][  0]LogConfig: Setting CVar [[gc.BlueprintClusteringEnabled:0]]
[2020.08.27-03.01.28:034][  0]LogConfig: Setting CVar [[gc.UseDisregardForGCOnDedicatedServers:0]]
[2020.08.27-03.01.28:034][  0]LogConfig: Applying CVar settings from Section [/Script/Engine.NetworkSettings] File [C:/Users/dusti/Documents/GitHub/ProductionTest/vrexperimenting/vrexperimenting/Saved/Config/Windows/Engine.ini]
[2020.08.27-03.01.28:034][  0]LogConfig: Applying CVar settings from Section [/Script/UnrealEd.CookerSettings] File [C:/Users/dusti/Documents/GitHub/ProductionTest/vrexperimenting/vrexperimenting/Saved/Config/Windows/Engine.ini]
[2020.08.27-03.01.28:035][  0]LogConfig: Applying CVar settings from Section [ViewDistanceQuality@3] File [C:/Users/dusti/Documents/GitHub/ProductionTest/vrexperimenting/vrexperimenting/Saved/Config/Windows/Scalability.ini]
[2020.08.27-03.01.28:035][  0]LogConfig: Setting CVar [[r.SkeletalMeshLODBias:0]]
[2020.08.27-03.01.28:035][  0]LogConfig: Setting CVar [[r.ViewDistanceScale:1.0]]
[2020.08.27-03.01.28:035][  0]LogConfig: Applying CVar settings from Section [AntiAliasingQuality@3] File [C:/Users/dusti/Documents/GitHub/ProductionTest/vrexperimenting/vrexperimenting/Saved/Config/Windows/Scalability.ini]
[2020.08.27-03.01.28:035][  0]LogConfig: Setting CVar [[r.PostProcessAAQuality:3]]
[2020.08.27-03.01.28:035][  0]LogConfig: Applying CVar settings from Section [ShadowQuality@3] File [C:/Users/dusti/Documents/GitHub/ProductionTest/vrexperimenting/vrexperimenting/Saved/Config/Windows/Scalability.ini]
[2020.08.27-03.01.28:035][  0]LogConfig: Setting CVar [[r.LightFunctionQuality:1]]
[2020.08.27-03.01.28:035][  0]LogConfig: Setting CVar [[r.ShadowQuality:5]]
[2020.08.27-03.01.28:035][  0]LogConfig: Setting CVar [[r.Shadow.CSM.MaxCascades:10]]
[2020.08.27-03.01.28:035][  0]LogConfig: Setting CVar [[r.Shadow.MaxResolution:2048]]
[2020.08.27-03.01.28:035][  0]LogConfig: Setting CVar [[r.Shadow.MaxCSMResolution:2048]]
[2020.08.27-03.01.28:035][  0]LogConfig: Setting CVar [[r.Shadow.RadiusThreshold:0.01]]
[2020.08.27-03.01.28:035][  0]LogConfig: Setting CVar [[r.Shadow.DistanceScale:1.0]]
[2020.08.27-03.01.28:035][  0]LogConfig: Setting CVar [[r.Shadow.CSM.TransitionScale:1.0]]
[2020.08.27-03.01.28:035][  0]LogConfig: Setting CVar [[r.Shadow.PreShadowResolutionFactor:1.0]]
[2020.08.27-03.01.28:035][  0]LogConfig: Setting CVar [[r.DistanceFieldShadowing:1]]
[2020.08.27-03.01.28:035][  0]LogConfig: Setting CVar [[r.DistanceFieldAO:1]]
[2020.08.27-03.01.28:035][  0]LogConfig: Setting CVar [[r.AOQuality:2]]
[2020.08.27-03.01.28:036][  0]LogConfig: Setting CVar [[r.VolumetricFog:1]]
[2020.08.27-03.01.28:036][  0]LogConfig: Setting CVar [[r.VolumetricFog.GridPixelSize:8]]
[2020.08.27-03.01.28:036][  0]LogConfig: Setting CVar [[r.VolumetricFog.GridSizeZ:128]]
[2020.08.27-03.01.28:036][  0]LogConfig: Setting CVar [[r.VolumetricFog.HistoryMissSupersampleCount:4]]
[2020.08.27-03.01.28:036][  0]LogConfig: Setting CVar [[r.LightMaxDrawDistanceScale:1]]
[2020.08.27-03.01.28:036][  0]LogConfig: Setting CVar [[r.CapsuleShadows:1]]
[2020.08.27-03.01.28:036][  0]LogConfig: Applying CVar settings from Section [PostProcessQuality@3] File [C:/Users/dusti/Documents/GitHub/ProductionTest/vrexperimenting/vrexperimenting/Saved/Config/Windows/Scalability.ini]
[2020.08.27-03.01.28:036][  0]LogConfig: Setting CVar [[r.MotionBlurQuality:0]]
[2020.08.27-03.01.28:036][  0]LogConfig: Setting CVar [[r.AmbientOcclusionMipLevelFactor:0.4]]
[2020.08.27-03.01.28:036][  0]LogConfig: Setting CVar [[r.AmbientOcclusionMaxQuality:100]]
[2020.08.27-03.01.28:036][  0]LogConfig: Setting CVar [[r.AmbientOcclusionLevels:0]]
[2020.08.27-03.01.28:036][  0]LogConfig: Setting CVar [[r.AmbientOcclusionRadiusScale:1.0]]
[2020.08.27-03.01.28:036][  0]LogConfig: Setting CVar [[r.DepthOfFieldQuality:0]]
[2020.08.27-03.01.28:036][  0]LogConfig: Setting CVar [[r.RenderTargetPoolMin:400]]
[2020.08.27-03.01.28:036][  0]LogConfig: Setting CVar [[r.LensFlareQuality:0]]
[2020.08.27-03.01.28:036][  0]LogConfig: Setting CVar [[r.SceneColorFringeQuality:0]]
[2020.08.27-03.01.28:036][  0]LogConfig: Setting CVar [[r.EyeAdaptationQuality:2]]
[2020.08.27-03.01.28:036][  0]LogConfig: Setting CVar [[r.BloomQuality:1]]
[2020.08.27-03.01.28:036][  0]LogConfig: Setting CVar [[r.FastBlurThreshold:0]]
[2020.08.27-03.01.28:036][  0]LogConfig: Setting CVar [[r.Upscale.Quality:3]]
[2020.08.27-03.01.28:036][  0]LogConfig: Setting CVar [[r.Tonemapper.GrainQuantization:1]]
[2020.08.27-03.01.28:036][  0]LogConfig: Setting CVar [[r.LightShaftQuality:1]]
[2020.08.27-03.01.28:036][  0]LogConfig: Setting CVar [[r.Filter.SizeScale:1]]
[2020.08.27-03.01.28:036][  0]LogConfig: Setting CVar [[r.Tonemapper.Quality:5]]
[2020.08.27-03.01.28:036][  0]LogConfig: Setting CVar [[r.DOF.Gather.AccumulatorQuality:1        ; higher gathering accumulator quality]]
[2020.08.27-03.01.28:036][  0]LogConfig: Setting CVar [[r.DOF.Gather.PostfilterMethod:1          ; Median3x3 postfilering method]]
[2020.08.27-03.01.28:036][  0]LogConfig: Setting CVar [[r.DOF.Gather.EnableBokehSettings:0       ; no bokeh simulation when gathering]]
[2020.08.27-03.01.28:036][  0]LogConfig: Setting CVar [[r.DOF.Gather.RingCount:4                 ; medium number of samples when gathering]]
[2020.08.27-03.01.28:036][  0]LogConfig: Setting CVar [[r.DOF.Scatter.ForegroundCompositing:1    ; additive foreground scattering]]
[2020.08.27-03.01.28:036][  0]LogConfig: Setting CVar [[r.DOF.Scatter.BackgroundCompositing:2    ; additive background scattering]]
[2020.08.27-03.01.28:036][  0]LogConfig: Setting CVar [[r.DOF.Scatter.EnableBokehSettings:1      ; bokeh simulation when scattering]]
[2020.08.27-03.01.28:036][  0]LogConfig: Setting CVar [[r.DOF.Scatter.MaxSpriteRatio:0.1         ; only a maximum of 10% of scattered bokeh]]
[2020.08.27-03.01.28:036][  0]LogConfig: Setting CVar [[r.DOF.Recombine.Quality:1                ; cheap slight out of focus]]
[2020.08.27-03.01.28:036][  0]LogConfig: Setting CVar [[r.DOF.Recombine.EnableBokehSettings:0    ; no bokeh simulation on slight out of focus]]
[2020.08.27-03.01.28:036][  0]LogConfig: Setting CVar [[r.DOF.TemporalAAQuality:1                ; more stable temporal accumulation]]
[2020.08.27-03.01.28:036][  0]LogConfig: Setting CVar [[r.DOF.Kernel.MaxForegroundRadius:0.025]]
[2020.08.27-03.01.28:036][  0]LogConfig: Setting CVar [[r.DOF.Kernel.MaxBackgroundRadius:0.025]]
[2020.08.27-03.01.28:036][  0]LogConfig: Applying CVar settings from Section [TextureQuality@3] File [C:/Users/dusti/Documents/GitHub/ProductionTest/vrexperimenting/vrexperimenting/Saved/Config/Windows/Scalability.ini]
[2020.08.27-03.01.28:036][  0]LogConfig: Setting CVar [[r.Streaming.MipBias:0]]
[2020.08.27-03.01.28:036][  0]LogConfig: Setting CVar [[r.Streaming.AmortizeCPUToGPUCopy:0]]
[2020.08.27-03.01.28:036][  0]LogConfig: Setting CVar [[r.Streaming.MaxNumTexturesToStreamPerFrame:0]]
[2020.08.27-03.01.28:036][  0]LogConfig: Setting CVar [[r.Streaming.Boost:1]]
[2020.08.27-03.01.28:036][  0]LogConfig: Setting CVar [[r.MaxAnisotropy:8]]
[2020.08.27-03.01.28:036][  0]LogConfig: Setting CVar [[r.VT.MaxAnisotropy:8]]
[2020.08.27-03.01.28:036][  0]LogConfig: Setting CVar [[r.Streaming.LimitPoolSizeToVRAM:0]]
[2020.08.27-03.01.28:036][  0]LogConfig: Setting CVar [[r.Streaming.PoolSize:1000]]
[2020.08.27-03.01.28:036][  0]LogConfig: Setting CVar [[r.Streaming.MaxEffectiveScreenSize:0]]
[2020.08.27-03.01.28:036][  0]LogConfig: Applying CVar settings from Section [EffectsQuality@3] File [C:/Users/dusti/Documents/GitHub/ProductionTest/vrexperimenting/vrexperimenting/Saved/Config/Windows/Scalability.ini]
[2020.08.27-03.01.28:036][  0]LogConfig: Setting CVar [[r.TranslucencyLightingVolumeDim:4]]
[2020.08.27-03.01.28:036][  0]LogConfig: Setting CVar [[r.RefractionQuality:2]]
[2020.08.27-03.01.28:036][  0]LogConfig: Setting CVar [[r.SSR.Quality:0]]
[2020.08.27-03.01.28:036][  0]LogConfig: Setting CVar [[r.SSR.HalfResSceneColor:0]]
[2020.08.27-03.01.28:036][  0]LogConfig: Setting CVar [[r.SceneColorFormat:2]]
[2020.08.27-03.01.28:036][  0]LogConfig: Setting CVar [[r.DetailMode:2]]
[2020.08.27-03.01.28:036][  0]LogConfig: Setting CVar [[r.TranslucencyVolumeBlur:0]]
[2020.08.27-03.01.28:036][  0]LogConfig: Setting CVar [[r.MaterialQualityLevel:1 ; High quality]]
[2020.08.27-03.01.28:036][  0]LogConfig: Setting CVar [[r.SSS.Scale:1]]
[2020.08.27-03.01.28:036][  0]LogConfig: Setting CVar [[r.SSS.SampleSet:2]]
[2020.08.27-03.01.28:036][  0]LogConfig: Setting CVar [[r.SSS.Quality:1]]
[2020.08.27-03.01.28:036][  0]LogConfig: Setting CVar [[r.SSS.HalfRes:0]]
[2020.08.27-03.01.28:036][  0]LogConfig: Setting CVar [[r.SSGI.Quality:3]]
[2020.08.27-03.01.28:036][  0]LogConfig: Setting CVar [[r.EmitterSpawnRateScale:1.0]]
[2020.08.27-03.01.28:036][  0]LogConfig: Setting CVar [[r.ParticleLightQuality:2]]
[2020.08.27-03.01.28:036][  0]LogConfig: Setting CVar [[r.SkyAtmosphere.AerialPerspectiveLUT.FastApplyOnOpaque:1 ; Always have FastSkyLUT 1 in this case to avoid wrong sky]]
[2020.08.27-03.01.28:036][  0]LogConfig: Setting CVar [[r.SkyAtmosphere.AerialPerspectiveLUT.SampleCountPerSlice:1]]
[2020.08.27-03.01.28:036][  0]LogConfig: Setting CVar [[r.SkyAtmosphere.AerialPerspectiveLUT.DepthResolution:16.0]]
[2020.08.27-03.01.28:036][  0]LogConfig: Setting CVar [[r.SkyAtmosphere.FastSkyLUT:1]]
[2020.08.27-03.01.28:036][  0]LogConfig: Setting CVar [[r.SkyAtmosphere.FastSkyLUT.SampleCountMin:4.0]]
[2020.08.27-03.01.28:036][  0]LogConfig: Setting CVar [[r.SkyAtmosphere.FastSkyLUT.SampleCountMax:32.0]]
[2020.08.27-03.01.28:036][  0]LogConfig: Setting CVar [[r.SkyAtmosphere.SampleCountMin:4.0]]
[2020.08.27-03.01.28:036][  0]LogConfig: Setting CVar [[r.SkyAtmosphere.SampleCountMax:32.0]]
[2020.08.27-03.01.28:036][  0]LogConfig: Setting CVar [[r.SkyAtmosphere.TransmittanceLUT.UseSmallFormat:0]]
[2020.08.27-03.01.28:036][  0]LogConfig: Setting CVar [[r.SkyAtmosphere.TransmittanceLUT.SampleCount:10.0]]
[2020.08.27-03.01.28:036][  0]LogConfig: Setting CVar [[r.SkyAtmosphere.MultiScatteringLUT.SampleCount:15.0]]
[2020.08.27-03.01.28:036][  0]LogConfig: Applying CVar settings from Section [FoliageQuality@3] File [C:/Users/dusti/Documents/GitHub/ProductionTest/vrexperimenting/vrexperimenting/Saved/Config/Windows/Scalability.ini]
[2020.08.27-03.01.28:036][  0]LogConfig: Setting CVar [[foliage.DensityScale:1.0]]
[2020.08.27-03.01.28:036][  0]LogConfig: Setting CVar [[grass.DensityScale:1.0]]
[2020.08.27-03.01.28:036][  0]LogConfig: Applying CVar settings from Section [ShadingQuality@3] File [C:/Users/dusti/Documents/GitHub/ProductionTest/vrexperimenting/vrexperimenting/Saved/Config/Windows/Scalability.ini]
[2020.08.27-03.01.28:036][  0]LogConfig: Setting CVar [[r.HairStrands.SkyLighting.SampleCount:16]]
[2020.08.27-03.01.28:036][  0]LogConfig: Setting CVar [[r.HairStrands.SkyLighting.JitterIntegration:0]]
[2020.08.27-03.01.28:036][  0]LogConfig: Setting CVar [[r.HairStrands.SkyAO.SampleCount:16]]
[2020.08.27-03.01.28:036][  0]LogConfig: Setting CVar [[r.HairStrands.DeepShadow.SuperSampling:0]]
[2020.08.27-03.01.28:036][  0]LogConfig: Setting CVar [[r.HairStrands.VisibilityPPLL:0]]
[2020.08.27-03.01.28:036][  0]LogConfig: Setting CVar [[r.HairStrands.RasterizationScale:0.5]]
[2020.08.27-03.01.28:036][  0]LogConfig: Setting CVar [[r.HairStrands.VelocityRasterizationScale:1]]
[2020.08.27-03.01.28:036][  0]LogInit: Selected Device Profile: [Windows]
[2020.08.27-03.01.28:036][  0]LogInit: Applying CVar settings loaded from the selected device profile: [Windows]
[2020.08.27-03.01.28:036][  0]LogHAL: Display: Platform has ~ 16 GB [17128480768 / 17179869184 / 16], which maps to Larger [LargestMinGB=32, LargerMinGB=12, DefaultMinGB=8, SmallerMinGB=6, SmallestMinGB=0)
[2020.08.27-03.01.28:036][  0]LogInit: Going up to parent DeviceProfile []
[2020.08.27-03.01.28:037][  0]LogConfig: Applying CVar settings from Section [ViewDistanceQuality@3] File [C:/Users/dusti/Documents/GitHub/ProductionTest/vrexperimenting/vrexperimenting/Saved/Config/Windows/Scalability.ini]
[2020.08.27-03.01.28:037][  0]LogConfig: Setting CVar [[r.SkeletalMeshLODBias:0]]
[2020.08.27-03.01.28:037][  0]LogConfig: Setting CVar [[r.ViewDistanceScale:1.0]]
[2020.08.27-03.01.28:037][  0]LogConfig: Applying CVar settings from Section [AntiAliasingQuality@3] File [C:/Users/dusti/Documents/GitHub/ProductionTest/vrexperimenting/vrexperimenting/Saved/Config/Windows/Scalability.ini]
[2020.08.27-03.01.28:037][  0]LogConfig: Setting CVar [[r.PostProcessAAQuality:3]]
[2020.08.27-03.01.28:037][  0]LogConfig: Applying CVar settings from Section [ShadowQuality@3] File [C:/Users/dusti/Documents/GitHub/ProductionTest/vrexperimenting/vrexperimenting/Saved/Config/Windows/Scalability.ini]
[2020.08.27-03.01.28:037][  0]LogConfig: Setting CVar [[r.LightFunctionQuality:1]]
[2020.08.27-03.01.28:037][  0]LogConfig: Setting CVar [[r.ShadowQuality:5]]
[2020.08.27-03.01.28:037][  0]LogConfig: Setting CVar [[r.Shadow.CSM.MaxCascades:10]]
[2020.08.27-03.01.28:037][  0]LogConfig: Setting CVar [[r.Shadow.MaxResolution:2048]]
[2020.08.27-03.01.28:037][  0]LogConfig: Setting CVar [[r.Shadow.MaxCSMResolution:2048]]
[2020.08.27-03.01.28:037][  0]LogConfig: Setting CVar [[r.Shadow.RadiusThreshold:0.01]]
[2020.08.27-03.01.28:037][  0]LogConfig: Setting CVar [[r.Shadow.DistanceScale:1.0]]
[2020.08.27-03.01.28:037][  0]LogConfig: Setting CVar [[r.Shadow.CSM.TransitionScale:1.0]]
[2020.08.27-03.01.28:037][  0]LogConfig: Setting CVar [[r.Shadow.PreShadowResolutionFactor:1.0]]
[2020.08.27-03.01.28:037][  0]LogConfig: Setting CVar [[r.DistanceFieldShadowing:1]]
[2020.08.27-03.01.28:037][  0]LogConfig: Setting CVar [[r.DistanceFieldAO:1]]
[2020.08.27-03.01.28:037][  0]LogConfig: Setting CVar [[r.AOQuality:2]]
[2020.08.27-03.01.28:037][  0]LogConfig: Setting CVar [[r.VolumetricFog:1]]
[2020.08.27-03.01.28:037][  0]LogConfig: Setting CVar [[r.VolumetricFog.GridPixelSize:8]]
[2020.08.27-03.01.28:037][  0]LogConfig: Setting CVar [[r.VolumetricFog.GridSizeZ:128]]
[2020.08.27-03.01.28:037][  0]LogConfig: Setting CVar [[r.VolumetricFog.HistoryMissSupersampleCount:4]]
[2020.08.27-03.01.28:037][  0]LogConfig: Setting CVar [[r.LightMaxDrawDistanceScale:1]]
[2020.08.27-03.01.28:037][  0]LogConfig: Setting CVar [[r.CapsuleShadows:1]]
[2020.08.27-03.01.28:037][  0]LogConfig: Applying CVar settings from Section [PostProcessQuality@3] File [C:/Users/dusti/Documents/GitHub/ProductionTest/vrexperimenting/vrexperimenting/Saved/Config/Windows/Scalability.ini]
[2020.08.27-03.01.28:037][  0]LogConfig: Setting CVar [[r.MotionBlurQuality:0]]
[2020.08.27-03.01.28:037][  0]LogConfig: Setting CVar [[r.AmbientOcclusionMipLevelFactor:0.4]]
[2020.08.27-03.01.28:037][  0]LogConfig: Setting CVar [[r.AmbientOcclusionMaxQuality:100]]
[2020.08.27-03.01.28:037][  0]LogConfig: Setting CVar [[r.AmbientOcclusionLevels:0]]
[2020.08.27-03.01.28:037][  0]LogConfig: Setting CVar [[r.AmbientOcclusionRadiusScale:1.0]]
[2020.08.27-03.01.28:037][  0]LogConfig: Setting CVar [[r.DepthOfFieldQuality:0]]
[2020.08.27-03.01.28:037][  0]LogConfig: Setting CVar [[r.RenderTargetPoolMin:400]]
[2020.08.27-03.01.28:037][  0]LogConfig: Setting CVar [[r.LensFlareQuality:0]]
[2020.08.27-03.01.28:037][  0]LogConfig: Setting CVar [[r.SceneColorFringeQuality:0]]
[2020.08.27-03.01.28:037][  0]LogConfig: Setting CVar [[r.EyeAdaptationQuality:2]]
[2020.08.27-03.01.28:037][  0]LogConfig: Setting CVar [[r.BloomQuality:1]]
[2020.08.27-03.01.28:037][  0]LogConfig: Setting CVar [[r.FastBlurThreshold:0]]
[2020.08.27-03.01.28:037][  0]LogConfig: Setting CVar [[r.Upscale.Quality:3]]
[2020.08.27-03.01.28:037][  0]LogConfig: Setting CVar [[r.Tonemapper.GrainQuantization:1]]
[2020.08.27-03.01.28:037][  0]LogConfig: Setting CVar [[r.LightShaftQuality:1]]
[2020.08.27-03.01.28:037][  0]LogConfig: Setting CVar [[r.Filter.SizeScale:1]]
[2020.08.27-03.01.28:037][  0]LogConfig: Setting CVar [[r.Tonemapper.Quality:5]]
[2020.08.27-03.01.28:037][  0]LogConfig: Setting CVar [[r.DOF.Gather.AccumulatorQuality:1        ; higher gathering accumulator quality]]
[2020.08.27-03.01.28:037][  0]LogConfig: Setting CVar [[r.DOF.Gather.PostfilterMethod:1          ; Median3x3 postfilering method]]
[2020.08.27-03.01.28:037][  0]LogConfig: Setting CVar [[r.DOF.Gather.EnableBokehSettings:0       ; no bokeh simulation when gathering]]
[2020.08.27-03.01.28:037][  0]LogConfig: Setting CVar [[r.DOF.Gather.RingCount:4                 ; medium number of samples when gathering]]
[2020.08.27-03.01.28:037][  0]LogConfig: Setting CVar [[r.DOF.Scatter.ForegroundCompositing:1    ; additive foreground scattering]]
[2020.08.27-03.01.28:037][  0]LogConfig: Setting CVar [[r.DOF.Scatter.BackgroundCompositing:2    ; additive background scattering]]
[2020.08.27-03.01.28:037][  0]LogConfig: Setting CVar [[r.DOF.Scatter.EnableBokehSettings:1      ; bokeh simulation when scattering]]
[2020.08.27-03.01.28:037][  0]LogConfig: Setting CVar [[r.DOF.Scatter.MaxSpriteRatio:0.1         ; only a maximum of 10% of scattered bokeh]]
[2020.08.27-03.01.28:037][  0]LogConfig: Setting CVar [[r.DOF.Recombine.Quality:1                ; cheap slight out of focus]]
[2020.08.27-03.01.28:037][  0]LogConfig: Setting CVar [[r.DOF.Recombine.EnableBokehSettings:0    ; no bokeh simulation on slight out of focus]]
[2020.08.27-03.01.28:037][  0]LogConfig: Setting CVar [[r.DOF.TemporalAAQuality:1                ; more stable temporal accumulation]]
[2020.08.27-03.01.28:037][  0]LogConfig: Setting CVar [[r.DOF.Kernel.MaxForegroundRadius:0.025]]
[2020.08.27-03.01.28:037][  0]LogConfig: Setting CVar [[r.DOF.Kernel.MaxBackgroundRadius:0.025]]
[2020.08.27-03.01.28:037][  0]LogConfig: Applying CVar settings from Section [TextureQuality@3] File [C:/Users/dusti/Documents/GitHub/ProductionTest/vrexperimenting/vrexperimenting/Saved/Config/Windows/Scalability.ini]
[2020.08.27-03.01.28:037][  0]LogConfig: Setting CVar [[r.Streaming.MipBias:0]]
[2020.08.27-03.01.28:037][  0]LogConfig: Setting CVar [[r.Streaming.AmortizeCPUToGPUCopy:0]]
[2020.08.27-03.01.28:037][  0]LogConfig: Setting CVar [[r.Streaming.MaxNumTexturesToStreamPerFrame:0]]
[2020.08.27-03.01.28:037][  0]LogConfig: Setting CVar [[r.Streaming.Boost:1]]
[2020.08.27-03.01.28:037][  0]LogConfig: Setting CVar [[r.MaxAnisotropy:8]]
[2020.08.27-03.01.28:037][  0]LogConfig: Setting CVar [[r.VT.MaxAnisotropy:8]]
[2020.08.27-03.01.28:037][  0]LogConfig: Setting CVar [[r.Streaming.LimitPoolSizeToVRAM:0]]
[2020.08.27-03.01.28:037][  0]LogConfig: Setting CVar [[r.Streaming.PoolSize:1000]]
[2020.08.27-03.01.28:037][  0]LogConfig: Setting CVar [[r.Streaming.MaxEffectiveScreenSize:0]]
[2020.08.27-03.01.28:037][  0]LogConfig: Applying CVar settings from Section [EffectsQuality@3] File [C:/Users/dusti/Documents/GitHub/ProductionTest/vrexperimenting/vrexperimenting/Saved/Config/Windows/Scalability.ini]
[2020.08.27-03.01.28:037][  0]LogConfig: Setting CVar [[r.TranslucencyLightingVolumeDim:4]]
[2020.08.27-03.01.28:037][  0]LogConfig: Setting CVar [[r.RefractionQuality:2]]
[2020.08.27-03.01.28:037][  0]LogConfig: Setting CVar [[r.SSR.Quality:0]]
[2020.08.27-03.01.28:037][  0]LogConfig: Setting CVar [[r.SSR.HalfResSceneColor:0]]
[2020.08.27-03.01.28:037][  0]LogConfig: Setting CVar [[r.SceneColorFormat:2]]
[2020.08.27-03.01.28:037][  0]LogConfig: Setting CVar [[r.DetailMode:2]]
[2020.08.27-03.01.28:037][  0]LogConfig: Setting CVar [[r.TranslucencyVolumeBlur:0]]
[2020.08.27-03.01.28:037][  0]LogConfig: Setting CVar [[r.MaterialQualityLevel:1 ; High quality]]
[2020.08.27-03.01.28:037][  0]LogConfig: Setting CVar [[r.SSS.Scale:1]]
[2020.08.27-03.01.28:037][  0]LogConfig: Setting CVar [[r.SSS.SampleSet:2]]
[2020.08.27-03.01.28:037][  0]LogConfig: Setting CVar [[r.SSS.Quality:1]]
[2020.08.27-03.01.28:037][  0]LogConfig: Setting CVar [[r.SSS.HalfRes:0]]
[2020.08.27-03.01.28:037][  0]LogConfig: Setting CVar [[r.SSGI.Quality:3]]
[2020.08.27-03.01.28:037][  0]LogConfig: Setting CVar [[r.EmitterSpawnRateScale:1.0]]
[2020.08.27-03.01.28:037][  0]LogConfig: Setting CVar [[r.ParticleLightQuality:2]]
[2020.08.27-03.01.28:037][  0]LogConfig: Setting CVar [[r.SkyAtmosphere.AerialPerspectiveLUT.FastApplyOnOpaque:1 ; Always have FastSkyLUT 1 in this case to avoid wrong sky]]
[2020.08.27-03.01.28:037][  0]LogConfig: Setting CVar [[r.SkyAtmosphere.AerialPerspectiveLUT.SampleCountPerSlice:1]]
[2020.08.27-03.01.28:037][  0]LogConfig: Setting CVar [[r.SkyAtmosphere.AerialPerspectiveLUT.DepthResolution:16.0]]
[2020.08.27-03.01.28:037][  0]LogConfig: Setting CVar [[r.SkyAtmosphere.FastSkyLUT:1]]
[2020.08.27-03.01.28:037][  0]LogConfig: Setting CVar [[r.SkyAtmosphere.FastSkyLUT.SampleCountMin:4.0]]
[2020.08.27-03.01.28:037][  0]LogConfig: Setting CVar [[r.SkyAtmosphere.FastSkyLUT.SampleCountMax:32.0]]
[2020.08.27-03.01.28:037][  0]LogConfig: Setting CVar [[r.SkyAtmosphere.SampleCountMin:4.0]]
[2020.08.27-03.01.28:037][  0]LogConfig: Setting CVar [[r.SkyAtmosphere.SampleCountMax:32.0]]
[2020.08.27-03.01.28:037][  0]LogConfig: Setting CVar [[r.SkyAtmosphere.TransmittanceLUT.UseSmallFormat:0]]
[2020.08.27-03.01.28:037][  0]LogConfig: Setting CVar [[r.SkyAtmosphere.TransmittanceLUT.SampleCount:10.0]]
[2020.08.27-03.01.28:037][  0]LogConfig: Setting CVar [[r.SkyAtmosphere.MultiScatteringLUT.SampleCount:15.0]]
[2020.08.27-03.01.28:037][  0]LogConfig: Applying CVar settings from Section [FoliageQuality@3] File [C:/Users/dusti/Documents/GitHub/ProductionTest/vrexperimenting/vrexperimenting/Saved/Config/Windows/Scalability.ini]
[2020.08.27-03.01.28:037][  0]LogConfig: Setting CVar [[foliage.DensityScale:1.0]]
[2020.08.27-03.01.28:037][  0]LogConfig: Setting CVar [[grass.DensityScale:1.0]]
[2020.08.27-03.01.28:037][  0]LogConfig: Applying CVar settings from Section [ShadingQuality@3] File [C:/Users/dusti/Documents/GitHub/ProductionTest/vrexperimenting/vrexperimenting/Saved/Config/Windows/Scalability.ini]
[2020.08.27-03.01.28:037][  0]LogConfig: Setting CVar [[r.HairStrands.SkyLighting.SampleCount:16]]
[2020.08.27-03.01.28:037][  0]LogConfig: Setting CVar [[r.HairStrands.SkyLighting.JitterIntegration:0]]
[2020.08.27-03.01.28:037][  0]LogConfig: Setting CVar [[r.HairStrands.SkyAO.SampleCount:16]]
[2020.08.27-03.01.28:037][  0]LogConfig: Setting CVar [[r.HairStrands.DeepShadow.SuperSampling:0]]
[2020.08.27-03.01.28:037][  0]LogConfig: Setting CVar [[r.HairStrands.VisibilityPPLL:0]]
[2020.08.27-03.01.28:037][  0]LogConfig: Setting CVar [[r.HairStrands.RasterizationScale:0.5]]
[2020.08.27-03.01.28:037][  0]LogConfig: Setting CVar [[r.HairStrands.VelocityRasterizationScale:1]]
[2020.08.27-03.01.28:037][  0]LogConfig: Applying CVar settings from Section [Startup] File [../../../Engine/Config/ConsoleVariables.ini]
[2020.08.27-03.01.28:038][  0]LogConfig: Setting CVar [[net.UseAdaptiveNetUpdateFrequency:0]]
[2020.08.27-03.01.28:038][  0]LogConfig: Setting CVar [[p.chaos.AllowCreatePhysxBodies:1]]
[2020.08.27-03.01.28:038][  0]LogConfig: Setting CVar [[fx.SkipVectorVMBackendOptimizations:1]]
[2020.08.27-03.01.28:038][  0]LogConfig: Applying CVar settings from Section [ConsoleVariables] File [C:/Users/dusti/Documents/GitHub/ProductionTest/vrexperimenting/vrexperimenting/Saved/Config/Windows/Engine.ini]
[2020.08.27-03.01.28:038][  0]LogInit: Computer: DESKTOP-KH29A7I
[2020.08.27-03.01.28:038][  0]LogInit: User: dusti
[2020.08.27-03.01.28:038][  0]LogInit: CPU Page size=4096, Cores=8
[2020.08.27-03.01.28:038][  0]LogInit: High frequency timer resolution =10.000000 MHz
[2020.08.27-03.01.28:038][  0]LogMemory: Memory total: Physical=16.0GB (16GB approx)
[2020.08.27-03.01.28:038][  0]LogMemory: Platform Memory Stats for Windows
[2020.08.27-03.01.28:038][  0]LogMemory: Process Physical Memory: 122.44 MB used, 122.44 MB peak
[2020.08.27-03.01.28:038][  0]LogMemory: Process Virtual Memory: 104.04 MB used, 104.04 MB peak
[2020.08.27-03.01.28:038][  0]LogMemory: Physical Memory: 5932.01 MB used,  10402.98 MB free, 16334.99 MB total
[2020.08.27-03.01.28:038][  0]LogMemory: Virtual Memory: 5234.41 MB used,  134212496.00 MB free, 134217728.00 MB total
[2020.08.27-03.01.28:040][  0]LogWindows: WindowsPlatformFeatures enabled
[2020.08.27-03.01.28:062][  0]LogInit: Physics initialised using underlying interface: PhysX
[2020.08.27-03.01.28:063][  0]LogInit: Using OS detected language (en-US).
[2020.08.27-03.01.28:063][  0]LogInit: Using OS detected locale (en-US).
[2020.08.27-03.01.28:068][  0]LogTextLocalizationManager: No specific localization for 'en-US' exists, so the 'en' localization will be used.
[2020.08.27-03.01.28:210][  0]LogInit: Setting process to per monitor DPI aware
[2020.08.27-03.01.28:239][  0]LogSlate: New Slate User Created.  User Index 0, Is Virtual User: 0
[2020.08.27-03.01.28:239][  0]LogSlate: Slate User Registered.  User Index 0, Is Virtual User: 0
[2020.08.27-03.01.28:352][  0]LogD3D11RHI: D3D11 min allowed feature level: 11_0
[2020.08.27-03.01.28:352][  0]LogD3D11RHI: D3D11 max allowed feature level: 11_0
[2020.08.27-03.01.28:352][  0]LogD3D11RHI: D3D11 adapters:
[2020.08.27-03.01.28:401][  0]LogD3D11RHI:    0. 'NVIDIA GeForce GTX 1060 6GB' (Feature Level 11_0)
[2020.08.27-03.01.28:401][  0]LogD3D11RHI:       6052/0/8167 MB DedicatedVideo/DedicatedSystem/SharedSystem, Outputs:1, VendorId:0x10de
[2020.08.27-03.01.28:403][  0]LogD3D11RHI:    1. 'Microsoft Basic Render Driver' (Feature Level 11_0)
[2020.08.27-03.01.28:403][  0]LogD3D11RHI:       0/0/8167 MB DedicatedVideo/DedicatedSystem/SharedSystem, Outputs:0, VendorId:0x1414
[2020.08.27-03.01.28:403][  0]LogD3D11RHI: Chosen D3D11 Adapter: 0
[2020.08.27-03.01.28:409][  0]LogD3D11RHI: Creating new Direct3DDevice
[2020.08.27-03.01.28:410][  0]LogD3D11RHI:     GPU DeviceId: 0x1c03 (for the marketing name, search the web for "GPU Device Id")
[2020.08.27-03.01.28:410][  0]LogWindows: EnumDisplayDevices:
[2020.08.27-03.01.28:410][  0]LogWindows:    0. 'NVIDIA GeForce GTX 1060 6GB' (P:1 D:1)
[2020.08.27-03.01.28:410][  0]LogWindows:    1. 'NVIDIA GeForce GTX 1060 6GB' (P:0 D:0)
[2020.08.27-03.01.28:410][  0]LogWindows:    2. 'NVIDIA GeForce GTX 1060 6GB' (P:0 D:0)
[2020.08.27-03.01.28:410][  0]LogWindows:    3. 'NVIDIA GeForce GTX 1060 6GB' (P:0 D:0)
[2020.08.27-03.01.28:410][  0]LogWindows: DebugString: FoundDriverCount:4 
[2020.08.27-03.01.28:410][  0]LogD3D11RHI:     Adapter Name: NVIDIA GeForce GTX 1060 6GB
[2020.08.27-03.01.28:410][  0]LogD3D11RHI:   Driver Version: 432.00 (internal:26.21.14.3200, unified:432.00)
[2020.08.27-03.01.28:410][  0]LogD3D11RHI:      Driver Date: 7-24-2019
[2020.08.27-03.01.28:410][  0]LogRHI: Texture pool is 4236 MB (70% of 6052 MB)
[2020.08.27-03.01.28:451][  0]LogD3D11RHI: RHI has support for 64 bit atomics
[2020.08.27-03.01.28:452][  0]LogD3D11RHI: [Aftermath] Enabled and primed
[2020.08.27-03.01.28:452][  0]LogD3D11RHI: Async texture creation enabled
[2020.08.27-03.01.28:452][  0]LogD3D11RHI: Array index from any shader is supported
[2020.08.27-03.01.28:514][  0]LogD3D11RHI: GPU Timing Frequency: 1000.000000 (Debug: 2 1)
[2020.08.27-03.01.28:733][  0]LogTargetPlatformManager: Display: Loaded TargetPlatform 'AllDesktop'
[2020.08.27-03.01.28:753][  0]LogTargetPlatformManager: Display: Loaded TargetPlatform 'Android'
[2020.08.27-03.01.28:753][  0]LogTargetPlatformManager: Display: Loaded TargetPlatform 'Android_ASTC'
[2020.08.27-03.01.28:753][  0]LogTargetPlatformManager: Display: Loaded TargetPlatform 'Android_DXT'
[2020.08.27-03.01.28:753][  0]LogTargetPlatformManager: Display: Loaded TargetPlatform 'Android_ETC2'
[2020.08.27-03.01.28:753][  0]LogTargetPlatformManager: Display: Loaded TargetPlatform 'AndroidClient'
[2020.08.27-03.01.28:753][  0]LogTargetPlatformManager: Display: Loaded TargetPlatform 'Android_ASTCClient'
[2020.08.27-03.01.28:753][  0]LogTargetPlatformManager: Display: Loaded TargetPlatform 'Android_DXTClient'
[2020.08.27-03.01.28:753][  0]LogTargetPlatformManager: Display: Loaded TargetPlatform 'Android_ETC2Client'
[2020.08.27-03.01.28:753][  0]LogTargetPlatformManager: Display: Loaded TargetPlatform 'Android_Multi'
[2020.08.27-03.01.28:753][  0]LogTargetPlatformManager: Display: Loaded TargetPlatform 'Android_MultiClient'
[2020.08.27-03.01.28:773][  0]LogTargetPlatformManager: Display: Loaded TargetPlatform 'IOSClient'
[2020.08.27-03.01.28:773][  0]LogTargetPlatformManager: Display: Loaded TargetPlatform 'IOS'
[2020.08.27-03.01.28:782][  0]LogTargetPlatformManager: Display: Loaded TargetPlatform 'Linux'
[2020.08.27-03.01.28:790][  0]LogTargetPlatformManager: Display: Loaded TargetPlatform 'LinuxNoEditor'
[2020.08.27-03.01.28:798][  0]LogTargetPlatformManager: Display: Loaded TargetPlatform 'LinuxClient'
[2020.08.27-03.01.28:806][  0]LogTargetPlatformManager: Display: Loaded TargetPlatform 'LinuxServer'
[2020.08.27-03.01.28:813][  0]LogTargetPlatformManager: Display: Loaded TargetPlatform 'LinuxAArch64NoEditor'
[2020.08.27-03.01.28:821][  0]LogTargetPlatformManager: Display: Loaded TargetPlatform 'LinuxAArch64Client'
[2020.08.27-03.01.28:829][  0]LogTargetPlatformManager: Display: Loaded TargetPlatform 'LinuxAArch64Server'
[2020.08.27-03.01.28:853][  0]LogTargetPlatformManager: Display: Loaded TargetPlatform 'Lumin'
[2020.08.27-03.01.28:853][  0]LogTargetPlatformManager: Display: Loaded TargetPlatform 'LuminClient'
[2020.08.27-03.01.28:869][  0]LogTargetPlatformManager: Display: Loaded TargetPlatform 'TVOSClient'
[2020.08.27-03.01.28:869][  0]LogTargetPlatformManager: Display: Loaded TargetPlatform 'TVOS'
[2020.08.27-03.01.28:878][  0]LogTargetPlatformManager: Display: Loaded TargetPlatform 'WindowsNoEditor'
[2020.08.27-03.01.28:886][  0]LogTargetPlatformManager: Display: Loaded TargetPlatform 'Windows'
[2020.08.27-03.01.28:896][  0]LogTargetPlatformManager: Display: Loaded TargetPlatform 'WindowsClient'
[2020.08.27-03.01.28:904][  0]LogTargetPlatformManager: Display: Loaded TargetPlatform 'WindowsServer'
[2020.08.27-03.01.28:904][  0]LogTargetPlatformManager: Display: Building Assets For Windows
[2020.08.27-03.01.28:911][  0]LogAudioDebug: Display: Lib vorbis DLL was dynamically loaded.
[2020.08.27-03.01.28:956][  0]LogShaderCompilers: Guid format shader working directory is -47 characters bigger than the processId version (../../../../../../Users/dusti/Documents/GitHub/ProductionTest/vrexperimenting/vrexperimenting/Intermediate/Shaders/WorkingDirectory/8912/).
[2020.08.27-03.01.28:956][  0]LogShaderCompilers: Cleaned the shader compiler working directory 'C:/Users/dusti/AppData/Local/Temp/UnrealShaderWorkingDir/DFC1631D46D26754AA4DBDAD2BF6C593/'.
[2020.08.27-03.01.28:956][  0]LogXGEController: Cleaning working directory: C:/Users/dusti/AppData/Local/Temp/UnrealXGEWorkingDir/
[2020.08.27-03.01.28:956][  0]LogXGEController: Cannot use XGE Controller as Incredibuild is not installed on this machine.
[2020.08.27-03.01.28:956][  0]LogShaderCompilers: Cannot use XGE Shader Compiler as Incredibuild is not installed on this machine.
[2020.08.27-03.01.28:957][  0]LogShaderCompilers: Display: Using Local Shader Compiler.
[2020.08.27-03.01.29:795][  0]LogDerivedDataCache: Display: Max Cache Size: 512 MB
[2020.08.27-03.01.29:845][  0]LogDerivedDataCache: Loaded boot cache 0.05s 98MB C:/Users/dusti/AppData/Local/UnrealEngine/4.25/DerivedDataCache/Boot.ddc.
[2020.08.27-03.01.29:845][  0]LogDerivedDataCache: Display: Loaded Boot cache: C:/Users/dusti/AppData/Local/UnrealEngine/4.25/DerivedDataCache/Boot.ddc
[2020.08.27-03.01.29:845][  0]LogDerivedDataCache: FDerivedDataBackendGraph:  Pak pak cache file ../../../../../../Users/dusti/Documents/GitHub/ProductionTest/vrexperimenting/vrexperimenting/DerivedDataCache/DDC.ddp not found, will not use a pak cache.
[2020.08.27-03.01.29:846][  0]LogDerivedDataCache: Unable to find inner node Pak for hierarchical cache Hierarchy.
[2020.08.27-03.01.29:846][  0]LogDerivedDataCache: FDerivedDataBackendGraph:  CompressedPak pak cache file ../../../../../../Users/dusti/Documents/GitHub/ProductionTest/vrexperimenting/vrexperimenting/DerivedDataCache/Compressed.ddp not found, will not use a pak cache.
[2020.08.27-03.01.29:846][  0]LogDerivedDataCache: Unable to find inner node CompressedPak for hierarchical cache Hierarchy.
[2020.08.27-03.01.29:855][  0]LogDerivedDataCache: Display: Pak cache opened for reading ../../../Engine/DerivedDataCache/Compressed.ddp.
[2020.08.27-03.01.29:855][  0]LogDerivedDataCache: FDerivedDataBackendGraph:  EnterprisePak pak cache file ../../../Enterprise/DerivedDataCache/Compressed.ddp not found, will not use a pak cache.
[2020.08.27-03.01.29:855][  0]LogDerivedDataCache: Unable to find inner node EnterprisePak for hierarchical cache Hierarchy.
[2020.08.27-03.01.29:857][  0]LogDerivedDataCache: Using Local data cache path C:/Users/dusti/AppData/Local/UnrealEngine/Common/DerivedDataCache: Writable
[2020.08.27-03.01.29:857][  0]LogDerivedDataCache: Shared data cache path not found in *engine.ini, will not use an Shared cache.
[2020.08.27-03.01.29:857][  0]LogDerivedDataCache: Unable to find inner node Shared for hierarchical cache Hierarchy.
[2020.08.27-03.01.29:899][  0]LogSlate: Using FreeType 2.10.0
[2020.08.27-03.01.29:899][  0]LogSlate: SlateFontServices - WITH_FREETYPE: 1, WITH_HARFBUZZ: 1
[2020.08.27-03.01.29:919][  0]LogAssetRegistry: FAssetRegistry took 0.0024 seconds to start up
[2020.08.27-03.01.30:117][  0]LogInit: Selected Device Profile: [Windows]
[2020.08.27-03.01.30:203][  0]LogMeshReduction: Using QuadricMeshReduction for automatic static mesh reduction
[2020.08.27-03.01.30:203][  0]LogMeshReduction: Using SimplygonMeshReduction for automatic skeletal mesh reduction
[2020.08.27-03.01.30:203][  0]LogMeshReduction: Using ProxyLODMeshReduction for automatic mesh merging
[2020.08.27-03.01.30:203][  0]LogMeshReduction: No distributed automatic mesh merging module available
[2020.08.27-03.01.30:203][  0]LogMeshMerging: No distributed automatic mesh merging module available
[2020.08.27-03.01.30:214][  0]LogNetVersion: vrexperimenting 1.0.0, NetCL: 13144385, EngineNetVer: 14, GameNetVer: 0 (Checksum: 1888406899)
[2020.08.27-03.01.30:549][  0]LogAISub: UAISubsystem::UAISubsystem AISubsystem (000001CD3809DBC0), frame # 0
[2020.08.27-03.01.30:549][  0]LogAISub: UAISubsystem::UAISubsystem AIPerceptionSystem (000001CD37FF9E40), frame # 0
[2020.08.27-03.01.30:550][  0]LogAISub: UAISubsystem::UAISubsystem EnvQueryManager (000001CD3802AC00), frame # 0
[2020.08.27-03.01.30:591][  0]LogPackageLocalizationCache: Processed 19 localized package path(s) for 1 prioritized culture(s) in 0.035520 seconds
[2020.08.27-03.01.30:596][  0]LogUObjectArray: 15917 objects as part of root set at end of initial load.
[2020.08.27-03.01.30:596][  0]LogUObjectAllocator: 3965568 out of 0 bytes used by permanent object pool.
[2020.08.27-03.01.30:596][  0]LogUObjectArray: CloseDisregardForGC: 0/0 objects in disregard for GC pool
[2020.08.27-03.01.30:857][  0]LogTcpMessaging: Initializing TcpMessaging bridge
[2020.08.27-03.01.30:861][  0]LogUdpMessaging: Initializing bridge on interface 0.0.0.0:0 to multicast group 230.0.0.1:6666.
[2020.08.27-03.01.30:919][  0]SourceControl: Source control is disabled
[2020.08.27-03.01.30:919][  0]SourceControl: Source control is disabled
[2020.08.27-03.01.30:921][  0]SourceControl: Source control is disabled
[2020.08.27-03.01.30:923][  0]SourceControl: Source control is disabled
[2020.08.27-03.01.30:928][  0]SourceControl: Source control is disabled
[2020.08.27-03.01.31:110][  0]LogAndroidPermission: UAndroidPermissionCallbackProxy::GetInstance
[2020.08.27-03.01.31:124][  0]LogAudioCaptureCore: Display: No Audio Capture implementations found. Audio input will be silent.
[2020.08.27-03.01.31:124][  0]LogAudioCaptureCore: Display: No Audio Capture implementations found. Audio input will be silent.
[2020.08.27-03.01.31:164][  0]LogOcInput: OculusInput pre-init called
[2020.08.27-03.01.31:350][  0]LogEngine: Initializing Engine...
[2020.08.27-03.01.31:351][  0]LogHMD: Oculus plugin initialized. Version: 4.25.3-13942748+++UE4+Release-4.25, OVRPlugin: 1.44.0
[2020.08.27-03.01.31:352][  0]LogStats: UGameplayTagsManager::InitializeManager -  0.000 s
[2020.08.27-03.01.31:446][  0]LogInit: Initializing FReadOnlyCVARCache
[2020.08.27-03.01.31:454][  0]LogAIModule: Creating AISystem for world Untitled
[2020.08.27-03.01.31:454][  0]LogAISub: UAISubsystem::UAISubsystem EnvQueryManager (000001CD44C47C00), frame # 0
[2020.08.27-03.01.31:454][  0]LogAISub: UAISubsystem::UAISubsystem AIPerceptionSystem (000001CD44C53B00), frame # 0
[2020.08.27-03.01.31:463][  0]LogAudioMixer: Display: Audio Mixer Platform Settings:
[2020.08.27-03.01.31:463][  0]LogAudioMixer: Display: 	Sample Rate:						  48000
[2020.08.27-03.01.31:463][  0]LogAudioMixer: Display: 	Callback Buffer Frame Size Requested: 1024
[2020.08.27-03.01.31:463][  0]LogAudioMixer: Display: 	Callback Buffer Frame Size To Use:	  1024
[2020.08.27-03.01.31:463][  0]LogAudioMixer: Display: 	Number of buffers to queue:			  2
[2020.08.27-03.01.31:463][  0]LogAudioMixer: Display: 	Max Channels (voices):				  32
[2020.08.27-03.01.31:463][  0]LogAudioMixer: Display: 	Number of Async Source Workers:		  0
[2020.08.27-03.01.31:463][  0]LogAudio: Display: AudioDevice MaxSources: 32
[2020.08.27-03.01.31:463][  0]LogAudio: Display: Using built-in audio occlusion.
[2020.08.27-03.01.31:463][  0]LogAudioMixer: Display: Initializing audio mixer.
[2020.08.27-03.01.31:473][  0]LogAudioMixer: Display: 0: FrontLeft
[2020.08.27-03.01.31:473][  0]LogAudioMixer: Display: 1: FrontRight
[2020.08.27-03.01.31:498][  0]LogAudioMixer: Display: Using Audio Device Headphones (2- Rift S)
[2020.08.27-03.01.31:499][  0]LogAudioMixer: Display: Initializing Sound Submixes...
[2020.08.27-03.01.31:501][  0]LogAudioMixer: Display: Creating Master Submix 'MasterSubmixDefault'
[2020.08.27-03.01.31:501][  0]LogAudioMixer: Display: Creating Master Submix 'MasterReverbSubmixDefault'
[2020.08.27-03.01.31:502][  0]LogAudioMixer: Display: Creating Master Submix 'MasterEQSubmixDefault'
[2020.08.27-03.01.31:502][  0]LogInit: FAudioDevice initialized.
[2020.08.27-03.01.31:503][  0]LogNetVersion: Set ProjectVersion to 1.0.0.0. Version Checksum will be recalculated on next use.
[2020.08.27-03.01.31:604][  0]LogDerivedDataCache: Saved boot cache 0.10s 80MB C:/Users/dusti/AppData/Local/UnrealEngine/4.25/DerivedDataCache/Boot.ddc.
[2020.08.27-03.01.31:609][  0]LogInit: Texture streaming: Enabled
[2020.08.27-03.01.31:622][  0]LogEngineSessionManager: EngineSessionManager initialized
[2020.08.27-03.01.31:622][  0]LogEditorSessionSummary: Verbose: Initializing EditorSessionSummaryWriter for editor session tracking
[2020.08.27-03.01.31:624][  0]LogEditorSessionSummary: EditorSessionSummaryWriter initialized
[2020.08.27-03.01.31:669][  0]LogInit: Transaction tracking system initialized
[2020.08.27-03.01.31:686][  0]BlueprintLog: New page: Editor Load
[2020.08.27-03.01.31:738][  0]LocalizationService: Localization service is disabled
[2020.08.27-03.01.31:856][  0]LogCook: Display: Max memory allowance for cook 16384mb min free memory 0mb
[2020.08.27-03.01.31:856][  0]LogCook: Display: Mobile HDR setting 1
[2020.08.27-03.01.31:956][  0]LogFileCache: Scanning file cache for directory 'C:/Users/dusti/Documents/GitHub/ProductionTest/vrexperimenting/vrexperimenting/Content/' took 0.00s
[2020.08.27-03.01.32:094][  0]SourceControl: Source control is disabled
[2020.08.27-03.01.32:094][  0]LogUnrealEdMisc: Loading editor; pre map load, took 5.631
[2020.08.27-03.01.32:094][  0]Cmd: MAP LOAD FILE="../../../../../../Users/dusti/Documents/GitHub/ProductionTest/vrexperimenting/vrexperimenting/Content/VirtualRealityBP/Maps/StartupMap.umap" TEMPLATE=0 SHOWPROGRESS=1 FEATURELEVEL=3
[2020.08.27-03.01.32:095][  0]LightingResults: New page: Lighting Build
[2020.08.27-03.01.32:095][  0]LogWorld: UWorld::CleanupWorld for Untitled, bSessionEnded=true, bCleanupResources=true
[2020.08.27-03.01.32:095][  0]LogSlate: InvalidateAllWidgets triggered.  All widgets were invalidated
[2020.08.27-03.01.32:095][  0]MapCheck: New page: Map Check
[2020.08.27-03.01.32:095][  0]LightingResults: New page: Lighting Build
[2020.08.27-03.01.32:115][  0]LogAISub: UAISubsystem::~UAISubsystem EnvQueryManager (000001CD44C47C00), frame # 0
[2020.08.27-03.01.32:115][  0]LogAISub: UAISubsystem::~UAISubsystem AIPerceptionSystem (000001CD44C53B00), frame # 0
[2020.08.27-03.01.32:116][  0]LogUObjectHash: Compacting FUObjectHashTables data took   0.64ms
[2020.08.27-03.01.32:158][  0]LogAIModule: Creating AISystem for world StartupMap
[2020.08.27-03.01.32:158][  0]LogAISub: UAISubsystem::UAISubsystem EnvQueryManager (000001CD28335800), frame # 0
[2020.08.27-03.01.32:159][  0]LogAISub: UAISubsystem::UAISubsystem AIPerceptionSystem (000001CD4479CCC0), frame # 0
[2020.08.27-03.01.32:162][  0]LogEditorServer: Finished looking for orphan Actors (0.000 secs)
[2020.08.27-03.01.32:174][  0]LogUObjectHash: Compacting FUObjectHashTables data took   0.93ms
[2020.08.27-03.01.32:174][  0]Cmd: MAP CHECKDEP NOCLEARLOG
[2020.08.27-03.01.32:175][  0]MapCheck: Map check complete: 0 Error(s), 0 Warning(s), took 0.293ms to complete.
[2020.08.27-03.01.32:175][  0]LogFileHelpers: Loading map 'StartupMap' took 0.081
[2020.08.27-03.01.32:177][  0]LogUnrealEdMisc: Total Editor Startup Time, took 5.714
[2020.08.27-03.01.32:310][  0]LogSlate: Updating window title bar state: overlay mode, drag disabled, window buttons hidden, title bar hidden
[2020.08.27-03.01.32:316][  0]LogSlate: Updating window title bar state: overlay mode, drag disabled, window buttons hidden, title bar hidden
[2020.08.27-03.01.32:321][  0]LogSlate: Updating window title bar state: overlay mode, drag disabled, window buttons hidden, title bar hidden
[2020.08.27-03.01.32:326][  0]LogSlate: Updating window title bar state: overlay mode, drag disabled, window buttons hidden, title bar hidden
[2020.08.27-03.01.32:332][  0]LogCollectionManager: Loaded 0 collections in 0.001677 seconds
[2020.08.27-03.01.32:345][  0]LogFileCache: Scanning file cache for directory 'C:/Users/dusti/Documents/GitHub/ProductionTest/vrexperimenting/vrexperimenting/Saved/Collections/' took 0.00s
[2020.08.27-03.01.32:345][  0]LogFileCache: Scanning file cache for directory 'C:/Users/dusti/Documents/GitHub/ProductionTest/vrexperimenting/vrexperimenting/Content/Developers/dusti/Collections/' took 0.00s
[2020.08.27-03.01.32:345][  0]LogFileCache: Scanning file cache for directory 'C:/Users/dusti/Documents/GitHub/ProductionTest/vrexperimenting/vrexperimenting/Content/Collections/' took 0.00s
[2020.08.27-03.01.32:345][  0]LogContentBrowser: Native class hierarchy populated in 0.0085 seconds. Added 3427 classes and 821 folders.
[2020.08.27-03.01.32:347][  0]LogContentBrowser: Native class hierarchy updated for 'WidgetCarousel' in 0.0002 seconds. Added 0 classes and 0 folders.
[2020.08.27-03.01.32:500][  0]LogContentBrowser: Native class hierarchy updated for 'AddContentDialog' in 0.0003 seconds. Added 0 classes and 0 folders.
[2020.08.27-03.01.32:501][  0]LogContentBrowser: Native class hierarchy updated for 'SceneOutliner' in 0.0001 seconds. Added 2 classes and 0 folders.
[2020.08.27-03.01.32:615][  0]LogSlate: Took 0.000187 seconds to synchronously load lazily loaded font '../../../Engine/Content/Slate/Fonts/Roboto-Regular.ttf' (155K)
[2020.08.27-03.01.32:616][  0]LogSlate: Took 0.000115 seconds to synchronously load lazily loaded font '../../../Engine/Content/Slate/Fonts/Roboto-Bold.ttf' (160K)
[2020.08.27-03.01.32:620][  0]LogSlate: Took 0.000123 seconds to synchronously load lazily loaded font '../../../Engine/Content/Editor/Slate/Fonts/FontAwesome.ttf' (139K)
[2020.08.27-03.01.32:667][  0]LogRenderer: Reallocating scene render targets to support 884x572 Format 26 NumSamples 1 (Frame:1).
[2020.08.27-03.01.32:731][  0]LogContentBrowser: Native class hierarchy updated for 'HierarchicalLODOutliner' in 0.0003 seconds. Added 0 classes and 0 folders.
[2020.08.27-03.01.32:731][  0]LogLoad: (Engine Initialization) Total time: 6.27 seconds
[2020.08.27-03.01.32:731][  0]LogLoad: (Engine Initialization) Total Blueprint compile time: 0.00 seconds
[2020.08.27-03.01.32:741][  0]LogOcInput: OculusInput is initialized
[2020.08.27-03.01.32:764][  0]LogAssetRegistry: Asset discovery search completed in 2.8452 seconds
[2020.08.27-03.01.32:766][  0]LogCollectionManager: Fixed up redirectors for 0 collections in 0.000002 seconds (updated 0 objects)
[2020.08.27-03.01.32:768][  0]LogContentStreaming: Texture pool size now 1000 MB
[2020.08.27-03.01.32:781][  0]LogSlate: Took 0.000204 seconds to synchronously load lazily loaded font '../../../Engine/Content/Slate/Fonts/Roboto-Light.ttf' (167K)
[2020.08.27-03.01.33:757][115]LogSlate: Took 0.000188 seconds to synchronously load lazily loaded font '../../../Engine/Content/Slate/Fonts/Roboto-Light.ttf' (167K)
[2020.08.27-03.01.36:587][390]LogAssetEditorSubsystem: Opening Asset editor for Blueprint /Game/VirtualRealityBP/Blueprints/MotionControllerPawn.MotionControllerPawn
[2020.08.27-03.01.36:751][390]LogContentBrowser: Native class hierarchy updated for 'BlueprintGraph' in 0.0005 seconds. Added 125 classes and 0 folders.
[2020.08.27-03.01.37:447][390]LogSlate: Took 0.000203 seconds to synchronously load lazily loaded font '../../../Engine/Content/Slate/Fonts/Roboto-BoldCondensed.ttf' (158K)
[2020.08.27-03.01.37:545][391]LogSlate: Took 0.000203 seconds to synchronously load lazily loaded font '../../../Engine/Content/Slate/Fonts/Roboto-Italic.ttf' (157K)
[2020.08.27-03.01.44:335][ 34]LogAssetEditorSubsystem: Opening Asset editor for World /Game/DustinsLevel.DustinsLevel
[2020.08.27-03.01.44:362][ 34]LogUObjectHash: Compacting FUObjectHashTables data took   1.81ms
[2020.08.27-03.01.44:363][ 34]Cmd: MAP LOAD FILE="../../../../../../Users/dusti/Documents/GitHub/ProductionTest/vrexperimenting/vrexperimenting/Content/DustinsLevel.umap" TEMPLATE=0 SHOWPROGRESS=1 FEATURELEVEL=3
[2020.08.27-03.01.44:363][ 34]LightingResults: New page: Lighting Build
[2020.08.27-03.01.44:363][ 34]LoadErrors: New page: Loading map: DustinsLevel.umap
[2020.08.27-03.01.44:364][ 34]LogWorld: UWorld::CleanupWorld for StartupMap, bSessionEnded=true, bCleanupResources=true
[2020.08.27-03.01.44:364][ 34]LogSlate: InvalidateAllWidgets triggered.  All widgets were invalidated
[2020.08.27-03.01.44:364][ 34]MapCheck: New page: Map Check
[2020.08.27-03.01.44:364][ 34]LightingResults: New page: Lighting Build
[2020.08.27-03.01.44:380][ 34]LogAISub: UAISubsystem::~UAISubsystem EnvQueryManager (000001CD28335800), frame # 1034
[2020.08.27-03.01.44:380][ 34]LogAISub: UAISubsystem::~UAISubsystem AIPerceptionSystem (000001CD4479CCC0), frame # 1034
[2020.08.27-03.01.44:382][ 34]LogUObjectHash: Compacting FUObjectHashTables data took   1.74ms
[2020.08.27-03.01.44:442][ 34]LogEditorServer: Finished looking for orphan Actors (0.000 secs)
[2020.08.27-03.01.44:442][ 34]LogAIModule: Creating AISystem for world DustinsLevel
[2020.08.27-03.01.44:442][ 34]LogAISub: UAISubsystem::UAISubsystem EnvQueryManager (000001CD4FBBD400), frame # 1034
[2020.08.27-03.01.44:442][ 34]LogAISub: UAISubsystem::UAISubsystem AIPerceptionSystem (000001CD6023DD00), frame # 1034
[2020.08.27-03.01.44:461][ 34]LogUObjectHash: Compacting FUObjectHashTables data took   1.59ms
[2020.08.27-03.01.44:481][ 34]Cmd: MAP CHECKDEP NOCLEARLOG
[2020.08.27-03.01.44:481][ 34]MapCheck: Map check complete: 0 Error(s), 0 Warning(s), took 0.111ms to complete.
[2020.08.27-03.01.44:481][ 34]LogFileHelpers: Loading map 'DustinsLevel' took 0.118
[2020.08.27-03.01.51:188][737]LogAssetEditorSubsystem: Opening Asset editor for World /Game/DustinsLevel.DustinsLevel
[2020.08.27-03.01.51:204][737]LogUObjectHash: Compacting FUObjectHashTables data took   0.49ms
[2020.08.27-03.01.51:206][737]Cmd: MAP LOAD FILE="../../../../../../Users/dusti/Documents/GitHub/ProductionTest/vrexperimenting/vrexperimenting/Content/DustinsLevel.umap" TEMPLATE=0 SHOWPROGRESS=1 FEATURELEVEL=3
[2020.08.27-03.01.51:206][737]LightingResults: New page: Lighting Build
[2020.08.27-03.01.51:206][737]LoadErrors: New page: Loading map: DustinsLevel.umap
[2020.08.27-03.01.51:234][737]LogWorld: UWorld::CleanupWorld for DustinsLevel, bSessionEnded=true, bCleanupResources=true
[2020.08.27-03.01.51:234][737]LogSlate: InvalidateAllWidgets triggered.  All widgets were invalidated
[2020.08.27-03.01.51:234][737]MapCheck: New page: Map Check
[2020.08.27-03.01.51:234][737]LightingResults: New page: Lighting Build
[2020.08.27-03.01.51:250][737]LogAISub: UAISubsystem::~UAISubsystem AIPerceptionSystem (000001CD6023DD00), frame # 1737
[2020.08.27-03.01.51:250][737]LogAISub: UAISubsystem::~UAISubsystem EnvQueryManager (000001CD4FBBD400), frame # 1737
[2020.08.27-03.01.51:252][737]LogUObjectHash: Compacting FUObjectHashTables data took   1.53ms
[2020.08.27-03.01.51:258][737]LogAIModule: Creating AISystem for world DustinsLevel
[2020.08.27-03.01.51:258][737]LogAISub: UAISubsystem::UAISubsystem EnvQueryManager (000001CD4F6EDE00), frame # 1737
[2020.08.27-03.01.51:258][737]LogAISub: UAISubsystem::UAISubsystem AIPerceptionSystem (000001CD448C51C0), frame # 1737
[2020.08.27-03.01.51:334][737]LogEditorServer: Finished looking for orphan Actors (0.000 secs)
[2020.08.27-03.01.51:353][737]LogUObjectHash: Compacting FUObjectHashTables data took   1.86ms
[2020.08.27-03.01.51:373][737]Cmd: MAP CHECKDEP NOCLEARLOG
[2020.08.27-03.01.51:373][737]MapCheck: Map check complete: 0 Error(s), 0 Warning(s), took 0.113ms to complete.
[2020.08.27-03.01.51:373][737]LogFileHelpers: Loading map 'DustinsLevel' took 0.168
[2020.08.27-03.02.12:911][ 90]LogRenderer: Reallocating scene render targets to support 884x580 Format 26 NumSamples 1 (Frame:2327).
[2020.08.27-03.02.12:932][ 91]LogRenderer: Reallocating scene render targets to support 884x588 Format 26 NumSamples 1 (Frame:2329).
[2020.08.27-03.02.12:953][ 92]LogRenderer: Reallocating scene render targets to support 884x608 Format 26 NumSamples 1 (Frame:2331).
[2020.08.27-03.02.12:977][ 93]LogRenderer: Reallocating scene render targets to support 884x632 Format 26 NumSamples 1 (Frame:2333).
[2020.08.27-03.02.13:002][ 94]LogRenderer: Reallocating scene render targets to support 884x648 Format 26 NumSamples 1 (Frame:2335).
[2020.08.27-03.02.13:024][ 95]LogRenderer: Reallocating scene render targets to support 884x672 Format 26 NumSamples 1 (Frame:2337).
[2020.08.27-03.02.13:049][ 96]LogRenderer: Reallocating scene render targets to support 884x688 Format 26 NumSamples 1 (Frame:2339).
[2020.08.27-03.02.13:069][ 97]LogRenderer: Reallocating scene render targets to support 884x716 Format 26 NumSamples 1 (Frame:2341).
[2020.08.27-03.02.13:090][ 98]LogRenderer: Reallocating scene render targets to support 884x736 Format 26 NumSamples 1 (Frame:2343).
[2020.08.27-03.02.13:109][ 99]LogRenderer: Reallocating scene render targets to support 884x748 Format 26 NumSamples 1 (Frame:2345).
[2020.08.27-03.02.13:131][100]LogRenderer: Reallocating scene render targets to support 884x760 Format 26 NumSamples 1 (Frame:2347).
[2020.08.27-03.02.13:152][101]LogRenderer: Reallocating scene render targets to support 884x768 Format 26 NumSamples 1 (Frame:2349).
[2020.08.27-03.02.13:171][102]LogRenderer: Reallocating scene render targets to support 884x780 Format 26 NumSamples 1 (Frame:2351).
[2020.08.27-03.02.13:190][103]LogRenderer: Reallocating scene render targets to support 884x792 Format 26 NumSamples 1 (Frame:2353).
[2020.08.27-03.02.13:211][104]LogRenderer: Reallocating scene render targets to support 884x800 Format 26 NumSamples 1 (Frame:2355).
[2020.08.27-03.02.13:231][105]LogRenderer: Reallocating scene render targets to support 884x808 Format 26 NumSamples 1 (Frame:2357).
[2020.08.27-03.02.13:251][106]LogRenderer: Reallocating scene render targets to support 884x820 Format 26 NumSamples 1 (Frame:2359).
[2020.08.27-03.02.13:268][107]LogRenderer: Reallocating scene render targets to support 884x824 Format 26 NumSamples 1 (Frame:2361).
[2020.08.27-03.02.13:286][108]LogRenderer: Reallocating scene render targets to support 884x832 Format 26 NumSamples 1 (Frame:2363).
[2020.08.27-03.02.13:304][109]LogRenderer: Reallocating scene render targets to support 884x836 Format 26 NumSamples 1 (Frame:2365).
[2020.08.27-03.02.13:326][110]LogRenderer: Reallocating scene render targets to support 884x844 Format 26 NumSamples 1 (Frame:2367).
[2020.08.27-03.02.13:346][111]LogRenderer: Reallocating scene render targets to support 884x848 Format 26 NumSamples 1 (Frame:2369).
[2020.08.27-03.02.16:055][423]LogRenderer: Reallocating scene render targets to support 892x848 Format 26 NumSamples 1 (Frame:2654).
[2020.08.27-03.02.16:077][424]LogRenderer: Reallocating scene render targets to support 904x848 Format 26 NumSamples 1 (Frame:2656).
[2020.08.27-03.02.16:102][425]LogRenderer: Reallocating scene render targets to support 936x848 Format 26 NumSamples 1 (Frame:2658).
[2020.08.27-03.02.16:123][426]LogRenderer: Reallocating scene render targets to support 968x848 Format 26 NumSamples 1 (Frame:2660).
[2020.08.27-03.02.16:148][427]LogRenderer: Reallocating scene render targets to support 996x848 Format 26 NumSamples 1 (Frame:2662).
[2020.08.27-03.02.16:168][428]LogRenderer: Reallocating scene render targets to support 1024x848 Format 26 NumSamples 1 (Frame:2664).
[2020.08.27-03.02.16:189][429]LogRenderer: Reallocating scene render targets to support 1044x848 Format 26 NumSamples 1 (Frame:2666).
[2020.08.27-03.02.16:209][430]LogRenderer: Reallocating scene render targets to support 1080x848 Format 26 NumSamples 1 (Frame:2668).
[2020.08.27-03.02.16:228][431]LogRenderer: Reallocating scene render targets to support 1116x848 Format 26 NumSamples 1 (Frame:2670).
[2020.08.27-03.02.16:248][432]LogRenderer: Reallocating scene render targets to support 1148x848 Format 26 NumSamples 1 (Frame:2672).
[2020.08.27-03.02.16:269][433]LogRenderer: Reallocating scene render targets to support 1176x848 Format 26 NumSamples 1 (Frame:2674).
[2020.08.27-03.02.16:289][434]LogRenderer: Reallocating scene render targets to support 1200x848 Format 26 NumSamples 1 (Frame:2676).
[2020.08.27-03.02.16:309][435]LogRenderer: Reallocating scene render targets to support 1224x848 Format 26 NumSamples 1 (Frame:2678).
[2020.08.27-03.02.16:331][436]LogRenderer: Reallocating scene render targets to support 1256x848 Format 26 NumSamples 1 (Frame:2680).
[2020.08.27-03.02.16:351][437]LogRenderer: Reallocating scene render targets to support 1288x848 Format 26 NumSamples 1 (Frame:2682).
[2020.08.27-03.02.16:372][438]LogRenderer: Reallocating scene render targets to support 1312x848 Format 26 NumSamples 1 (Frame:2684).
[2020.08.27-03.02.16:396][439]LogRenderer: Reallocating scene render targets to support 1336x848 Format 26 NumSamples 1 (Frame:2686).
[2020.08.27-03.02.16:416][440]LogRenderer: Reallocating scene render targets to support 1344x848 Format 26 NumSamples 1 (Frame:2688).
[2020.08.27-03.02.16:436][441]LogRenderer: Reallocating scene render targets to support 1348x848 Format 26 NumSamples 1 (Frame:2690).
[2020.08.27-03.02.16:500][446]LogRenderer: Reallocating scene render targets to support 1352x848 Format 26 NumSamples 1 (Frame:2696).
[2020.08.27-03.02.16:519][447]LogRenderer: Reallocating scene render targets to support 1356x848 Format 26 NumSamples 1 (Frame:2698).
[2020.08.27-03.02.16:541][448]LogRenderer: Reallocating scene render targets to support 1360x848 Format 26 NumSamples 1 (Frame:2700).
[2020.08.27-03.02.16:562][449]LogRenderer: Reallocating scene render targets to support 1364x848 Format 26 NumSamples 1 (Frame:2702).
[2020.08.27-03.02.16:644][455]LogRenderer: Reallocating scene render targets to support 1368x848 Format 26 NumSamples 1 (Frame:2710).
[2020.08.27-03.02.16:664][456]LogRenderer: Reallocating scene render targets to support 1372x848 Format 26 NumSamples 1 (Frame:2712).
[2020.08.27-03.02.16:685][457]LogRenderer: Reallocating scene render targets to support 1376x848 Format 26 NumSamples 1 (Frame:2714).
[2020.08.27-03.02.16:707][458]LogRenderer: Reallocating scene render targets to support 1384x848 Format 26 NumSamples 1 (Frame:2716).
[2020.08.27-03.02.16:726][459]LogRenderer: Reallocating scene render targets to support 1392x848 Format 26 NumSamples 1 (Frame:2718).
[2020.08.27-03.02.16:746][460]LogRenderer: Reallocating scene render targets to support 1400x848 Format 26 NumSamples 1 (Frame:2720).
[2020.08.27-03.02.16:765][461]LogRenderer: Reallocating scene render targets to support 1404x848 Format 26 NumSamples 1 (Frame:2722).
[2020.08.27-03.02.25:181][458]LogEditorViewport: Clicking on Actor (context menu): StaticMeshActor (Cube)
[2020.08.27-03.02.30:493][ 85]LogEditorViewport: Clicking on Actor (LMB): BP_Sky_Sphere_C (BP_Sky_Sphere)
[2020.08.27-03.02.32:560][328]LogEditorViewport: Clicking on Actor (LMB): BP_Sky_Sphere_C (BP_Sky_Sphere)
[2020.08.27-03.02.36:017][739]LogEditorViewport: Clicking on Actor (context menu): BP_Sky_Sphere_C (BP_Sky_Sphere)
